73
Projector centre: -1.333130, 121.736145, -1.133850. SN: 924
73
73
Projector centre: -1.333130, 121.736145, -1.133850. SN: 924
73
73
73
73
73
73
73
73
73
73
73
73
73
73
73
73
73
73
Projector centre: -1.333130, 121.736145, -1.133850. SN: 924
73
GetProcessedPointCloudCPU: inputHeight=2964, inputWidth=2964, transformedWidth=2048, transformedHeight=2048
73
Projector centre: -1.333130, 121.736145, -1.133850. SN: 924
73
Projector centre: -1.333130, 121.736145, -1.133850. SN: 924
73
Projector centre: -1.333130, 121.736145, -1.133850. SN: 924
73
Projector centre: -1.333130, 121.736145, -1.133850. SN: 924
73
Projector centre: -1.333130, 121.736145, -1.133850. SN: 924
73
Projector centre: -1.333130, 121.736145, -1.133850. SN: 924
73
Projector centre: -1.333130, 121.736145, -1.133850. SN: 924
73
Projector centre: -1.333130, 121.736145, -1.133850. SN: 924
73
Projector centre: -1.333130, 121.736145, -1.133850. SN: 924
73
Projector centre: -1.333130, 121.736145, -1.133850. SN: 924
73
Projector centre: -1.333130, 121.736145, -1.133850. SN: 924
